
Gurobi 5.6.3 (mac64) logging started Wed Sep  5 14:52:00 2018

Optimize a model with 144 rows, 216 columns and 864 nonzeros
Presolve removed 0 rows and 36 columns
Presolve time: 0.00s

Explored 0 nodes (0 simplex iterations) in 0.01 seconds
Thread count was 1 (of 4 available processors)

Model is infeasible
Best objective -, best bound -, gap -

Gurobi 5.6.3 (mac64) logging started Wed Sep  5 14:54:56 2018

Optimize a model with 144 rows, 216 columns and 864 nonzeros
Presolve removed 0 rows and 36 columns
Presolve time: 0.00s

Explored 0 nodes (0 simplex iterations) in 0.00 seconds
Thread count was 1 (of 4 available processors)

Model is infeasible
Best objective -, best bound -, gap -

Gurobi 5.6.3 (mac64) logging started Wed Sep  5 15:09:54 2018

Optimize a model with 324 rows, 729 columns and 2916 nonzeros
Presolve removed 0 rows and 81 columns
Presolve time: 0.00s

Explored 0 nodes (0 simplex iterations) in 0.00 seconds
Thread count was 1 (of 4 available processors)

Model is infeasible
Best objective -, best bound -, gap -

Gurobi 5.6.3 (mac64) logging started Wed Sep  5 17:14:23 2018

Optimize a model with 324 rows, 729 columns and 2916 nonzeros
Presolve removed 0 rows and 81 columns
Presolve time: 0.00s

Explored 0 nodes (0 simplex iterations) in 0.00 seconds
Thread count was 1 (of 4 available processors)

Model is infeasible
Best objective -, best bound -, gap -

Gurobi 5.6.3 (mac64) logging started Wed Sep  5 17:15:46 2018

Optimize a model with 324 rows, 729 columns and 2916 nonzeros
Presolve removed 0 rows and 81 columns
Presolve time: 0.00s

Explored 0 nodes (0 simplex iterations) in 0.00 seconds
Thread count was 1 (of 4 available processors)

Model is infeasible
Best objective -, best bound -, gap -

Gurobi 5.6.3 (mac64) logging started Wed Sep  5 17:19:53 2018

Optimize a model with 324 rows, 729 columns and 2916 nonzeros
Presolve removed 0 rows and 81 columns
Presolve time: 0.00s

Explored 0 nodes (0 simplex iterations) in 0.01 seconds
Thread count was 1 (of 4 available processors)

Model is infeasible
Best objective -, best bound -, gap -

Gurobi 5.6.3 (mac64) logging started Fri Sep  7 22:27:58 2018

Optimize a model with 149 rows, 216 columns and 869 nonzeros
Found heuristic solution: objective 0
Presolve removed 35 rows and 91 columns
Presolve time: 0.01s
Presolved: 114 rows, 125 columns, 482 nonzeros
Variable types: 0 continuous, 125 integer (125 binary)

Explored 0 nodes (0 simplex iterations) in 0.01 seconds
Thread count was 4 (of 4 available processors)

Optimal solution found (tolerance 1.00e-04)
Best objective 0.000000000000e+00, best bound 0.000000000000e+00, gap 0.0%

Gurobi 5.6.3 (mac64) logging started Fri Sep  7 22:31:47 2018

Optimize a model with 149 rows, 216 columns and 869 nonzeros
Found heuristic solution: objective 0
Presolve removed 35 rows and 91 columns
Presolve time: 0.00s
Presolved: 114 rows, 125 columns, 482 nonzeros
Variable types: 0 continuous, 125 integer (125 binary)

Explored 0 nodes (0 simplex iterations) in 0.01 seconds
Thread count was 4 (of 4 available processors)

Optimal solution found (tolerance 1.00e-04)
Best objective 0.000000000000e+00, best bound 0.000000000000e+00, gap 0.0%

Gurobi 5.6.3 (mac64) logging started Sat Sep  8 15:20:11 2018

Optimize a model with 150 rows, 216 columns and 870 nonzeros
Found heuristic solution: objective 0
Presolve removed 63 rows and 123 columns
Presolve time: 0.00s
Presolved: 87 rows, 93 columns, 360 nonzeros
Variable types: 0 continuous, 93 integer (93 binary)

Explored 0 nodes (0 simplex iterations) in 0.00 seconds
Thread count was 4 (of 4 available processors)

Optimal solution found (tolerance 1.00e-04)
Best objective 0.000000000000e+00, best bound 0.000000000000e+00, gap 0.0%

Gurobi 5.6.3 (mac64) logging started Sat Sep  8 15:20:43 2018

Optimize a model with 151 rows, 216 columns and 871 nonzeros
Found heuristic solution: objective 0
Presolve removed 107 rows and 167 columns
Presolve time: 0.00s
Presolved: 44 rows, 49 columns, 197 nonzeros
Variable types: 0 continuous, 49 integer (49 binary)

Explored 0 nodes (0 simplex iterations) in 0.00 seconds
Thread count was 4 (of 4 available processors)

Optimal solution found (tolerance 1.00e-04)
Best objective 0.000000000000e+00, best bound 0.000000000000e+00, gap 0.0%

Gurobi 5.6.3 (mac64) logging started Sat Sep  8 15:21:51 2018

Optimize a model with 153 rows, 216 columns and 873 nonzeros
Found heuristic solution: objective 0
Presolve removed 153 rows and 216 columns
Presolve time: 0.00s

Explored 0 nodes (0 simplex iterations) in 0.00 seconds
Thread count was 1 (of 4 available processors)

Optimal solution found (tolerance 1.00e-04)
Best objective 0.000000000000e+00, best bound 0.000000000000e+00, gap 0.0%
